     1                                  bits 32 ; assembling for the 32 bits architecture
     2                                  
     3                                  ; declare the EntryPoint (a label defining the very first instruction of the program)
     4                                  global start        
     5                                  
     6                                  ; declare external functions needed by our program
     7                                  extern exit               ; tell nasm that exit exists even if we won't be defining it
     8                                  import exit msvcrt.dll    ; exit is a function that ends the calling process. It is defined in msvcrt.dll
     9                                                            ; msvcrt.dll contains exit, printf and all the other important C-runtime specific functions
    10                                  
    11                                  ; our data is declared here (the variables needed by our program)
    12                                  segment data use32 class=data
    13                                      ; ...
    14 00000000 02                          a DB 2
    15 00000001 05                          d DB 5
    16 00000002 0400                        e DW 4
    17                                  ; our code starts here
    18                                  segment code use32 class=code
    19                                      start:
    20                                          ; ...
    21 00000000 A0[01000000]                    mov AL, [d]
    22 00000005 B102                            mov CL, 2
    23 00000007 F6E1                            mul CL
    24 00000009 0205[02000000]                  add AL, [e]
    25 0000000F 8A0D[00000000]                  mov CL, [a]
    26 00000015 F6F1                            div CL
    27                                          ; exit(0)
    28 00000017 6A00                            push    dword 0      ; push the parameter for exit onto the stack
    29 00000019 FF15[00000000]                  call    [exit]       ; call exit to terminate the program
