     1                                  bits 32 ; assembling for the 32 bits architecture
     2                                  
     3                                  ; declare the EntryPoint (a label defining the very first instruction of the program)
     4                                  global start        
     5                                  
     6                                  ; declare external functions needed by our program
     7                                  extern exit               ; tell nasm that exit exists even if we won't be defining it
     8                                  import exit msvcrt.dll    ; exit is a function that ends the calling process. It is defined in msvcrt.dll
     9                                                            ; msvcrt.dll contains exit, printf and all the other important C-runtime specific functions
    10                                  
    11                                  ; our data is declared here (the variables needed by our program)
    12                                  segment data use32 class=data
    13                                      ; ...
    14 00000000 02                          a DB 2
    15 00000001 01                          b DB 1
    16 00000002 03                          c DB 3
    17 00000003 04                          d DB 4
    18                                  ; our code starts here
    19                                  segment code use32 class=code
    20                                      start:
    21                                          ; ...
    22 00000000 A0[03000000]                    mov AL, [d]
    23 00000005 0205[03000000]                  add AL, [d]
    24 0000000B 2A05[01000000]                  sub AL, [b]
    25 00000011 8A25[02000000]                  mov AH, [c]
    26 00000017 2A25[00000000]                  sub AH, [a]
    27 0000001D 00E0                            add AL, AH
    28 0000001F 0205[03000000]                  add AL, [d]
    29                                          ; (d + d - b) + (c - a) + d = 
    30                                          ; exit(0)
    31 00000025 6A00                            push    dword 0      ; push the parameter for exit onto the stack
    32 00000027 FF15[00000000]                  call    [exit]       ; call exit to terminate the program
