[2025-03-17 20:04:55] [info] Start Program:
Path:"C:\POO Projects\Lab 2 Static\x64\Debug\Lab 2 Static.exe"
Arguments:
Working directory: "C:\POO Projects\Lab 2 Static\"
Modules: Selected: C:\POO Projects\Lab 2 Static\x64\Debug\Lab 2 Static.exe Excluded: 
Sources: Selected: C:\POO Projects\Lab 2 Static Excluded: 
Log Level: Normal
Cover Children: 0
Aggregate by file: 1
Continue after C++ exception: 0
Optimized build support: 0
Export: Binary C:\Users\Ciocan Ionut\AppData\Local\Temp\emqf0sey.eya 
Input coverage: 
Unified diff: 
Excluded line regular expressions: 
Substitute pdb source paths: 

[2025-03-17 20:04:55] [info] Module: C:\POO Projects\Lab 2 Static\x64\Debug\Lab 2 Static.exe is selected because it matches selected pattern: C:\POO Projects\Lab 2 Static\x64\Debug\Lab 2 Static.exe
[2025-03-17 20:04:57] [info] ----------------------------------------------------
[2025-03-17 20:04:57] [info] Coverage binary generated in file: C:\Users\Ciocan Ionut\AppData\Local\Temp\emqf0sey.eya
[2025-03-17 20:04:57] [info] ----------------------------------------------------
